<?xml version="1.0" encoding="UTF-8"?>
<testsuite xmlns:xsi="http://www.w3.org/2001/XMLSchema-instance" xsi:noNamespaceSchemaLocation="https://maven.apache.org/surefire/maven-surefire-plugin/xsd/surefire-test-report.xsd" version="3.0.2" name="com.example.thefit.ThefitApplicationTests" time="1.63" tests="1" errors="0" skipped="0" failures="0">
  <properties>
[...]
</properties>
  <testcase name="contextLoads" classname="com.example.thefit.ThefitApplicationTests" time="0.652">
    <system-out><![CDATA[10:31:37.374 [main] INFO org.springframework.test.context.support.AnnotationConfigContextLoaderUtils -- Could not detect default configuration classes for test class [com.example.thefit.ThefitApplicationTests]: ThefitApplicationTests does not declare any static, non-private, non-final, nested classes annotated with @Configuration.
10:31:37.475 [main] INFO org.springframework.boot.test.context.SpringBootTestContextBootstrapper -- Found @SpringBootConfiguration com.example.thefit.ThefitApplication for test class com.example.thefit.ThefitApplicationTests

  .   ____          _            __ _ _
 /\\ / ___'_ __ _ _(_)_ __  __ _ \ \ \ \
( ( )\___ | '_ | '_| | '_ \/ _` | \ \ \ \
 \\/  ___)| |_)| | | | | || (_| |  ) ) ) )
  '  |____| .__|_| |_|_| |_\__, | / / / /
 =========|_|==============|___/=/_/_/_/

 :: Spring Boot ::                (v3.5.0)

2025-05-27T10:31:37.871+02:00  INFO 2152 --- [thefit] [           main] c.example.thefit.ThefitApplicationTests  : Starting ThefitApplicationTests using Java 21.0.2 with PID 2152 (started by e550099 in C:\Users\e550099\local_repos\the-fit\backend)
2025-05-27T10:31:37.872+02:00  INFO 2152 --- [thefit] [           main] c.example.thefit.ThefitApplicationTests  : No active profile set, falling back to 1 default profile: "default"
2025-05-27T10:31:38.219+02:00  INFO 2152 --- [thefit] [           main] c.example.thefit.ThefitApplicationTests  : Started ThefitApplicationTests in 0.613 seconds (process running for 1.962)
]]></system-out>
    <system-err><![CDATA[Mockito is currently self-attaching to enable the inline-mock-maker. This will no longer work in future releases of the JDK. Please add Mockito as an agent to your build as described in Mockito's documentation: https://javadoc.io/doc/org.mockito/mockito-core/latest/org.mockito/org/mockito/Mockito.html#0.3
WARNING: A Java agent has been loaded dynamically (C:\Users\e550099\.m2\repository\net\bytebuddy\byte-buddy-agent\1.17.5\byte-buddy-agent-1.17.5.jar)
WARNING: If a serviceability tool is in use, please run with -XX:+EnableDynamicAgentLoading to hide this warning
WARNING: If a serviceability tool is not in use, please run with -Djdk.instrument.traceUsage for more information
WARNING: Dynamic loading of agents will be disallowed by default in a future release
]]></system-err>
  </testcase>
</testsuite>